{
  "stats": {
    "suites": 1,
    "tests": 1,
    "passes": 0,
    "pending": 0,
    "failures": 1,
    "start": "2024-05-22T12:20:44.991Z",
    "end": "2024-05-22T12:21:10.302Z",
    "duration": 25311,
    "testsRegistered": 1,
    "passPercent": 0,
    "pendingPercent": 0,
    "other": 0,
    "hasOther": false,
    "skipped": 0,
    "hasSkipped": false
  },
  "results": [
    {
      "uuid": "871c3d3a-ac5a-49ea-9890-47987d32e2be",
      "title": "",
      "fullFile": "cypress\\e2e\\failingTest.cy.js",
      "file": "cypress\\e2e\\failingTest.cy.js",
      "beforeHooks": [],
      "afterHooks": [],
      "tests": [],
      "suites": [
        {
          "uuid": "8c251e01-0cea-48a9-8210-a2f0aa4b8bc9",
          "title": "Failing test for adding product to cart from PLP on makeup.ua",
          "fullFile": "",
          "file": "",
          "beforeHooks": [],
          "afterHooks": [],
          "tests": [
            {
              "title": "should fail after adding a product to the cart",
              "fullTitle": "Failing test for adding product to cart from PLP on makeup.ua should fail after adding a product to the cart",
              "timedOut": null,
              "duration": 24819,
              "state": "failed",
              "speed": null,
              "pass": false,
              "fail": true,
              "pending": false,
              "context": null,
              "code": "cy.visit('/');\ncy.url().should('eq', Cypress.config().baseUrl);\n// Open the category menu and select a category\ncy.get('.menu-button').click();\ncy.get(`:nth-child(${randomCategoryIndex}) > .menu-list__link`).click(); // Selecting a random category\n// Verify that the category page is displayed\ncy.url().should('contain', 'category');\n// Scroll to the product section\ncy.scrollTo('center');\n// Select a specific product and add it to the basket\ncy.get('.simple-slider-list__link > .product-icons-wrapper > .to-quick-buy').first().click(); // Select the first product on the PLP\n// Add the product to the basket\ncy.get('.header-basket').click();\n// Verify that the basket page is displayed\ncy.get('.page-header').should('contain', 'Кошик');",
              "err": {
                "message": "AssertionError: Timed out retrying after 4000ms: expected '[ <h1.page-header.page-header_category>, 2 more... ]' to contain 'Кошик'",
                "estack": "AssertionError: Timed out retrying after 4000ms: expected '[ <h1.page-header.page-header_category>, 2 more... ]' to contain 'Кошик'\n    at Context.eval (webpack:///./cypress/e2e/failingTest.cy.js:25:27)",
                "diff": null
              },
              "uuid": "c0afc2b2-79dd-45f7-87b2-9b797d62d0dd",
              "parentUUID": "8c251e01-0cea-48a9-8210-a2f0aa4b8bc9",
              "isHook": false,
              "skipped": false
            }
          ],
          "suites": [],
          "passes": [],
          "failures": [
            "c0afc2b2-79dd-45f7-87b2-9b797d62d0dd"
          ],
          "pending": [],
          "skipped": [],
          "duration": 24819,
          "root": false,
          "rootEmpty": false,
          "_timeout": 2000
        }
      ],
      "passes": [],
      "failures": [],
      "pending": [],
      "skipped": [],
      "duration": 0,
      "root": true,
      "rootEmpty": true,
      "_timeout": 2000
    }
  ],
  "meta": {
    "mocha": {
      "version": "7.0.1"
    },
    "mochawesome": {
      "options": {
        "quiet": false,
        "reportFilename": "mochawesome",
        "saveHtml": true,
        "saveJson": true,
        "consoleReporter": "spec",
        "useInlineDiffs": false,
        "code": true
      },
      "version": "7.1.3"
    },
    "marge": {
      "options": {
        "reportDir": "cypress/reports",
        "overwrite": false,
        "html": true,
        "json": true
      },
      "version": "6.2.0"
    }
  }
}