{
  "stats": {
    "suites": 1,
    "tests": 1,
    "passes": 0,
    "pending": 0,
    "failures": 1,
    "start": "2024-05-25T10:32:25.280Z",
    "end": "2024-05-25T10:32:47.950Z",
    "duration": 22670,
    "testsRegistered": 1,
    "passPercent": 0,
    "pendingPercent": 0,
    "other": 0,
    "hasOther": false,
    "skipped": 0,
    "hasSkipped": false
  },
  "results": [
    {
      "uuid": "36de7b78-518d-4908-9df0-004ca35341ea",
      "title": "",
      "fullFile": "cypress\\e2e\\failingTest.cy.js",
      "file": "cypress\\e2e\\failingTest.cy.js",
      "beforeHooks": [],
      "afterHooks": [],
      "tests": [],
      "suites": [
        {
          "uuid": "ee2e5bc3-da5d-4497-9e45-0cac9b1616e1",
          "title": "Failing Test",
          "fullFile": "",
          "file": "",
          "beforeHooks": [],
          "afterHooks": [],
          "tests": [
            {
              "title": "should fail to add a non-existent product to the basket",
              "fullTitle": "Failing Test should fail to add a non-existent product to the basket",
              "timedOut": null,
              "duration": 20680,
              "state": "failed",
              "speed": null,
              "pass": false,
              "fail": true,
              "pending": false,
              "context": null,
              "code": "homePage.visit();\nhomePage.verifyUrl();\nhomePage.openCategoryMenu();\ncategoryPage.selectCategory(1); // Random category for the failing test\ncategoryPage.verifyUrlContains('category');\ncategoryPage.scrollToProductSection();\n// Attempting to select a non-existent product\nproductPage.selectFirstProductOnPageToQuiqBuy();\nproductPage.verifyBasketPageDisplayed();",
              "err": {
                "message": "CypressError: `cy.click()` can only be called on a single element. Your subject contained 2 elements. Pass `{ multiple: true }` if you want to serially click each element.\n\nhttps://on.cypress.io/click",
                "estack": "CypressError: `cy.click()` can only be called on a single element. Your subject contained 2 elements. Pass `{ multiple: true }` if you want to serially click each element.\n\nhttps://on.cypress.io/click\n    at mouseAction (https://makeup.com.ua/__cypress/runner/cypress_runner.js:141803:76)\n    at Context.click (https://makeup.com.ua/__cypress/runner/cypress_runner.js:141967:14)\n    at wrapped (https://makeup.com.ua/__cypress/runner/cypress_runner.js:160860:19)\nFrom Your Spec Code:\n    at CategoryPage.selectCategory (webpack:///./cypress/support/pages/CategoryPage.js:3:54)\n    at Context.eval (webpack:///./cypress/e2e/failingTest.cy.js:18:17)",
                "diff": null
              },
              "uuid": "e8e36d55-6001-46a7-bd73-134788bd2fc2",
              "parentUUID": "ee2e5bc3-da5d-4497-9e45-0cac9b1616e1",
              "isHook": false,
              "skipped": false
            }
          ],
          "suites": [],
          "passes": [],
          "failures": [
            "e8e36d55-6001-46a7-bd73-134788bd2fc2"
          ],
          "pending": [],
          "skipped": [],
          "duration": 20680,
          "root": false,
          "rootEmpty": false,
          "_timeout": 2000
        }
      ],
      "passes": [],
      "failures": [],
      "pending": [],
      "skipped": [],
      "duration": 0,
      "root": true,
      "rootEmpty": true,
      "_timeout": 2000
    }
  ],
  "meta": {
    "mocha": {
      "version": "7.0.1"
    },
    "mochawesome": {
      "options": {
        "quiet": false,
        "reportFilename": "mochawesome",
        "saveHtml": true,
        "saveJson": true,
        "consoleReporter": "spec",
        "useInlineDiffs": false,
        "code": true
      },
      "version": "7.1.3"
    },
    "marge": {
      "options": {
        "reportDir": "cypress/reports",
        "overwrite": false,
        "html": true,
        "json": true
      },
      "version": "6.2.0"
    }
  }
}