{
  "stats": {
    "suites": 1,
    "tests": 1,
    "passes": 1,
    "pending": 0,
    "failures": 0,
    "start": "2024-05-22T12:14:38.387Z",
    "end": "2024-05-22T12:15:25.268Z",
    "duration": 46881,
    "testsRegistered": 1,
    "passPercent": 100,
    "pendingPercent": 0,
    "other": 0,
    "hasOther": false,
    "skipped": 0,
    "hasSkipped": false
  },
  "results": [
    {
      "uuid": "4e462d3a-0168-4551-86bf-2f72f74ab500",
      "title": "",
      "fullFile": "cypress\\e2e\\addToBasket.cy.js",
      "file": "cypress\\e2e\\addToBasket.cy.js",
      "beforeHooks": [],
      "afterHooks": [],
      "tests": [],
      "suites": [
        {
          "uuid": "9929f0e9-2125-42b0-9e4c-fed0c48694d2",
          "title": "Add items to the basket",
          "fullFile": "",
          "file": "",
          "beforeHooks": [],
          "afterHooks": [],
          "tests": [
            {
              "title": "should add items to the basket and verify the price calculation",
              "fullTitle": "Add items to the basket should add items to the basket and verify the price calculation",
              "timedOut": null,
              "duration": 46657,
              "state": "passed",
              "speed": "slow",
              "pass": true,
              "fail": false,
              "pending": false,
              "context": null,
              "code": "// Visit the base URL\ncy.visit('/');\ncy.url().should('eq', Cypress.config().baseUrl);\n// Function to get product price and calculate total price\nconst calculateTotalPrice = productId => {\n  return cy.get(`[data-id=\"${productId}\"] > .product-list_product-item > .product__column > .product__price-column > .product__price`).invoke('text').then(priceText => {\n    const price = parseFloat(priceText.replace(/,/g, '').trim());\n    return price;\n  });\n};\n// Open the category menu and select the first category\ncy.get('.menu-button').click();\ncy.get(`:nth-child(${categoryIndex1}) > .menu-list__link`).click();\ncy.url().should('contain', 'category');\ncy.scrollTo('center');\n// Add the first product to the basket\ncy.get(`[data-default-variant-id=\"${productVariantId1}\"] > .simple-slider-list__link > .simple-slider-list__image`).click();\ncy.contains('.button', 'Купити').click();\ncy.get('.page-header').should('contain', 'Кошик');\ncy.get('.popup__window > .popup-close').click();\ncy.get('.bread-crumbs__back').click();\ncy.scrollTo('top');\ncy.get('.menu-button').click();\n// Open the category menu and select the second category\ncy.get(`:nth-child(${categoryIndex2}) > .menu-list__link`).click({\n  force: true\n});\ncy.url().should('contain', 'category');\ncy.scrollTo('center');\n// Add the second product to the basket\ncy.get(`[data-default-variant-id=\"${productVariantId2}\"] > .simple-slider-list__link > .info-product-wrapper > .simple-slider-list__name`).click();\ncy.url().should('contain', 'product');\ncy.contains('.button', 'Купити').click();\ncy.get('.page-header').should('contain', 'Кошик');\ncy.get('#show-all-cart-items').click();\n// Verify that the cart contains the selected products\ncy.get('.product__header').should('contain', productName1).and('contain', productName2);\n// Get the prices of the items and calculate the total price\ncalculateTotalPrice(`40445_${productVariantId1}`).then(price1 => {\n  calculateTotalPrice(`803043_${productVariantId2}`).then(price2 => {\n    const totalPrice = price1 + price2; // Calculate the total price\n    const expectedTotalPrice = totalPrice.toFixed(2); // Format the expected total price\n    // Assert that the displayed total price matches the expected total price\n    cy.get('.total > span > strong').invoke('text').then(actualTotalPrice => {\n      const formattedActualTotalPrice = parseFloat(actualTotalPrice).toFixed(2);\n      expect(formattedActualTotalPrice).to.equal(expectedTotalPrice);\n    });\n  });\n});\n// Verify that the remove button is visible\ncy.get('.product__button-remove').should('be.visible');",
              "err": {},
              "uuid": "a37a69a9-6b2c-4214-a334-0f009c5efe9d",
              "parentUUID": "9929f0e9-2125-42b0-9e4c-fed0c48694d2",
              "isHook": false,
              "skipped": false
            }
          ],
          "suites": [],
          "passes": [
            "a37a69a9-6b2c-4214-a334-0f009c5efe9d"
          ],
          "failures": [],
          "pending": [],
          "skipped": [],
          "duration": 46657,
          "root": false,
          "rootEmpty": false,
          "_timeout": 2000
        }
      ],
      "passes": [],
      "failures": [],
      "pending": [],
      "skipped": [],
      "duration": 0,
      "root": true,
      "rootEmpty": true,
      "_timeout": 2000
    }
  ],
  "meta": {
    "mocha": {
      "version": "7.0.1"
    },
    "mochawesome": {
      "options": {
        "quiet": false,
        "reportFilename": "mochawesome",
        "saveHtml": true,
        "saveJson": true,
        "consoleReporter": "spec",
        "useInlineDiffs": false,
        "code": true
      },
      "version": "7.1.3"
    },
    "marge": {
      "options": {
        "reportDir": "cypress/reports",
        "overwrite": false,
        "html": true,
        "json": true
      },
      "version": "6.2.0"
    }
  }
}