{
  "stats": {
    "suites": 1,
    "tests": 1,
    "passes": 1,
    "pending": 0,
    "failures": 0,
    "start": "2024-05-22T12:09:32.549Z",
    "end": "2024-05-22T12:09:52.816Z",
    "duration": 20267,
    "testsRegistered": 1,
    "passPercent": 100,
    "pendingPercent": 0,
    "other": 0,
    "hasOther": false,
    "skipped": 0,
    "hasSkipped": false
  },
  "results": [
    {
      "uuid": "82b80557-bfbb-4992-bdb2-3e6b6007b605",
      "title": "",
      "fullFile": "cypress\\e2e\\searchItem.cy.js",
      "file": "cypress\\e2e\\searchItem.cy.js",
      "beforeHooks": [],
      "afterHooks": [],
      "tests": [],
      "suites": [
        {
          "uuid": "26be48c3-de0a-4e18-9d35-fcc985501f65",
          "title": "Search for an item",
          "fullFile": "",
          "file": "",
          "beforeHooks": [],
          "afterHooks": [],
          "tests": [
            {
              "title": "should search for an item and verify results",
              "fullTitle": "Search for an item should search for an item and verify results",
              "timedOut": null,
              "duration": 20182,
              "state": "passed",
              "speed": "slow",
              "pass": true,
              "fail": false,
              "pending": false,
              "context": null,
              "code": "cy.visit('/');\ncy.url().should('eq', Cypress.config().baseUrl);\ncy.get('div.search-button').click();\ncy.get('#search-input').type(`${productName}{enter}`);\ncy.get('.catalog-products > .simple-slider-list').should('contain', productName);",
              "err": {},
              "uuid": "23939c2f-01ed-4156-8455-f4084ce217da",
              "parentUUID": "26be48c3-de0a-4e18-9d35-fcc985501f65",
              "isHook": false,
              "skipped": false
            }
          ],
          "suites": [],
          "passes": [
            "23939c2f-01ed-4156-8455-f4084ce217da"
          ],
          "failures": [],
          "pending": [],
          "skipped": [],
          "duration": 20182,
          "root": false,
          "rootEmpty": false,
          "_timeout": 2000
        }
      ],
      "passes": [],
      "failures": [],
      "pending": [],
      "skipped": [],
      "duration": 0,
      "root": true,
      "rootEmpty": true,
      "_timeout": 2000
    }
  ],
  "meta": {
    "mocha": {
      "version": "7.0.1"
    },
    "mochawesome": {
      "options": {
        "quiet": false,
        "reportFilename": "mochawesome",
        "saveHtml": true,
        "saveJson": true,
        "consoleReporter": "spec",
        "useInlineDiffs": false,
        "code": true
      },
      "version": "7.1.3"
    },
    "marge": {
      "options": {
        "reportDir": "cypress/reports",
        "overwrite": false,
        "html": true,
        "json": true
      },
      "version": "6.2.0"
    }
  }
}